<?xml version="1.0" encoding="UTF-8"?>
<testng-results ignored="0" total="3" passed="3" failed="0" skipped="0">
  <reporter-output>
  </reporter-output>
  <suite started-at="2024-06-26T19:00:46 IST" name="Default suite" finished-at="2024-06-26T19:01:49 IST" duration-ms="63423">
    <groups>
    </groups>
    <test started-at="2024-06-26T19:00:46 IST" name="Default test" finished-at="2024-06-26T19:01:49 IST" duration-ms="63423">
      <class name="com.crm.qa.testcases.LoginPageTest">
        <test-method is-config="true" signature="setUp()[pri:0, instance:com.crm.qa.testcases.LoginPageTest@5677323c]" started-at="2024-06-26T19:00:46 IST" name="setUp" finished-at="2024-06-26T19:00:57 IST" duration-ms="10645" status="PASS">
          <reporter-output>
          </reporter-output>
        </test-method> <!-- setUp -->
        <test-method signature="imageLogoTest()[pri:0, instance:com.crm.qa.testcases.LoginPageTest@5677323c]" started-at="2024-06-26T19:00:57 IST" name="imageLogoTest" finished-at="2024-06-26T19:01:06 IST" duration-ms="9055" status="PASS">
          <reporter-output>
          </reporter-output>
        </test-method> <!-- imageLogoTest -->
        <test-method is-config="true" signature="tearDown()[pri:0, instance:com.crm.qa.testcases.LoginPageTest@5677323c]" started-at="2024-06-26T19:01:06 IST" name="tearDown" finished-at="2024-06-26T19:01:06 IST" duration-ms="209" status="PASS">
          <reporter-output>
          </reporter-output>
        </test-method> <!-- tearDown -->
        <test-method is-config="true" signature="setUp()[pri:0, instance:com.crm.qa.testcases.LoginPageTest@5677323c]" started-at="2024-06-26T19:01:06 IST" name="setUp" finished-at="2024-06-26T19:01:15 IST" duration-ms="9464" status="PASS">
          <reporter-output>
          </reporter-output>
        </test-method> <!-- setUp -->
        <test-method signature="loginPageTitleTest()[pri:0, instance:com.crm.qa.testcases.LoginPageTest@5677323c]" started-at="2024-06-26T19:01:15 IST" name="loginPageTitleTest" finished-at="2024-06-26T19:01:17 IST" duration-ms="1128" status="PASS">
          <reporter-output>
          </reporter-output>
        </test-method> <!-- loginPageTitleTest -->
        <test-method is-config="true" signature="tearDown()[pri:0, instance:com.crm.qa.testcases.LoginPageTest@5677323c]" started-at="2024-06-26T19:01:17 IST" name="tearDown" finished-at="2024-06-26T19:01:17 IST" duration-ms="199" status="PASS">
          <reporter-output>
          </reporter-output>
        </test-method> <!-- tearDown -->
        <test-method is-config="true" signature="setUp()[pri:0, instance:com.crm.qa.testcases.LoginPageTest@5677323c]" started-at="2024-06-26T19:01:17 IST" name="setUp" finished-at="2024-06-26T19:01:26 IST" duration-ms="8923" status="PASS">
          <reporter-output>
          </reporter-output>
        </test-method> <!-- setUp -->
        <test-method signature="loginTest()[pri:0, instance:com.crm.qa.testcases.LoginPageTest@5677323c]" started-at="2024-06-26T19:01:26 IST" name="loginTest" finished-at="2024-06-26T19:01:49 IST" duration-ms="23522" status="PASS">
          <reporter-output>
          </reporter-output>
        </test-method> <!-- loginTest -->
        <test-method is-config="true" signature="tearDown()[pri:0, instance:com.crm.qa.testcases.LoginPageTest@5677323c]" started-at="2024-06-26T19:01:49 IST" name="tearDown" finished-at="2024-06-26T19:01:49 IST" duration-ms="246" status="PASS">
          <reporter-output>
          </reporter-output>
        </test-method> <!-- tearDown -->
      </class> <!-- com.crm.qa.testcases.LoginPageTest -->
    </test> <!-- Default test -->
  </suite> <!-- Default suite -->
</testng-results>
