<?xml version="1.0" encoding="UTF-8"?>
<!-- Generated by org.testng.reporters.JUnitXMLReporter -->
<testsuite ignored="0" hostname="NO-002-QA" failures="0" tests="3" name="Default test" time="63.423" errors="0" timestamp="2024-06-26T19:01:50 IST">
  <testcase classname="com.crm.qa.testcases.LoginPageTest" name="imageLogoTest" time="9.055"/>
  <testcase classname="com.crm.qa.testcases.LoginPageTest" name="loginPageTitleTest" time="1.128"/>
  <testcase classname="com.crm.qa.testcases.LoginPageTest" name="loginTest" time="23.522"/>
</testsuite> <!-- Default test -->
